<?xml version="1.0" encoding="UTF-8"?>
<!-- Generated by org.testng.reporters.JUnitXMLReporter -->
<testsuite ignored="2" hostname="Rimas-MacBook-Pro.local" failures="0" tests="1" name="Find Car Test" time="8.509" errors="0" timestamp="16 Mar 2024 01:02:16 GMT">
  <testcase classname="testcases.FindCarTest" name="findCarTest" time="4.462"/>
  <testcase classname="base.BaseTest" name="@BeforeTest setUp" time="0.0">
    <ignored/>
  </testcase> <!-- @BeforeTest setUp -->
  <testcase classname="base.BaseTest" name="@AfterTest tearDown" time="0.0">
    <ignored/>
  </testcase> <!-- @AfterTest tearDown -->
</testsuite> <!-- Find Car Test -->
