<?xml version="1.0" encoding="UTF-8"?>
<!-- Generated by org.testng.reporters.JUnitXMLReporter -->
<testsuite ignored="0" hostname="Rimas-MacBook-Pro.local" failures="0" tests="4" name="Find Car Model and Price Test" time="37.338" errors="0" timestamp="19 Mar 2024 19:18:23 GMT">
  <testcase classname="testcases.CarModelAndPriceTest" name="findCarModelAndPriceTest" time="7.684"/>
  <testcase classname="testcases.CarModelAndPriceTest" name="findCarModelAndPriceTest" time="10.022"/>
  <testcase classname="testcases.CarModelAndPriceTest" name="findCarModelAndPriceTest" time="7.572"/>
  <testcase classname="testcases.CarModelAndPriceTest" name="findCarModelAndPriceTest" time="10.033"/>
</testsuite> <!-- Find Car Model and Price Test -->
