<?xml version="1.0" encoding="UTF-8"?>
<!-- Generated by org.testng.reporters.JUnitXMLReporter -->
<testsuite ignored="0" hostname="Rimas-MacBook-Pro.local" failures="0" tests="4" name="Find Car Test" time="36.02" errors="0" timestamp="18 Mar 2024 22:09:04 GMT">
  <testcase classname="testcases.FindCarTest" name="findCarTest" time="6.808"/>
  <testcase classname="testcases.FindCarTest" name="findCarTest" time="9.289"/>
  <testcase classname="testcases.FindCarTest" name="findCarTest" time="7.031"/>
  <testcase classname="testcases.FindCarTest" name="findCarTest" time="10.579"/>
</testsuite> <!-- Find Car Test -->
